  [1m[35m (246.3ms)[0m  [1m[35mCREATE DATABASE "prodovo_development" ENCODING = 'unicode'[0m
  [1m[35m (78.1ms)[0m  [1m[35mCREATE DATABASE "prodovo_test" ENCODING = 'unicode'[0m
  [1m[35m (22.4ms)[0m  [1m[35mCREATE TABLE "schema_migrations" ("version" character varying NOT NULL PRIMARY KEY)[0m
  [1m[35m (3.9ms)[0m  [1m[35mCREATE TABLE "ar_internal_metadata" ("key" character varying NOT NULL PRIMARY KEY, "value" character varying, "created_at" timestamp(6) NOT NULL, "updated_at" timestamp(6) NOT NULL)[0m
  [1m[35m (0.4ms)[0m  [1m[34mSELECT pg_try_advisory_lock(8760757770176782020)[0m
  [1m[36mActiveRecord::SchemaMigration Load (1.0ms)[0m  [1m[34mSELECT "schema_migrations"."version" FROM "schema_migrations" ORDER BY "schema_migrations"."version" ASC[0m
  [1m[36mActiveRecord::InternalMetadata Load (1.5ms)[0m  [1m[34mSELECT * FROM "ar_internal_metadata" WHERE "ar_internal_metadata"."key" = $1 ORDER BY "ar_internal_metadata"."key" ASC LIMIT 1[0m  [[nil, "environment"]]
  [1m[36mActiveRecord::InternalMetadata Create (1.0ms)[0m  [1m[32mINSERT INTO "ar_internal_metadata" ("key", "value", "created_at", "updated_at") VALUES ('environment', 'development', '2025-11-26 00:55:10.686813', '2025-11-26 00:55:10.686816') RETURNING "key"[0m
Migrating to DeviseCreateUsers (20251126005329)
  [1m[36mTRANSACTION (0.2ms)[0m  [1m[35mBEGIN[0m
  [1m[35m (8.6ms)[0m  [1m[35mCREATE TABLE "users" ("id" bigserial primary key, "email" character varying DEFAULT '' NOT NULL, "encrypted_password" character varying DEFAULT '' NOT NULL, "reset_password_token" character varying, "reset_password_sent_at" timestamp(6), "remember_created_at" timestamp(6), "created_at" timestamp(6) NOT NULL, "updated_at" timestamp(6) NOT NULL)[0m
  [1m[35m (1.2ms)[0m  [1m[35mCREATE UNIQUE INDEX "index_users_on_email" ON "users" ("email")[0m
  [1m[35m (1.0ms)[0m  [1m[35mCREATE UNIQUE INDEX "index_users_on_reset_password_token" ON "users" ("reset_password_token")[0m
  [1m[36mActiveRecord::SchemaMigration Create (0.8ms)[0m  [1m[32mINSERT INTO "schema_migrations" ("version") VALUES ('20251126005329') RETURNING "version"[0m
  [1m[36mTRANSACTION (0.6ms)[0m  [1m[35mCOMMIT[0m
Migrating to CreateClients (20251126005354)
  [1m[36mTRANSACTION (0.3ms)[0m  [1m[35mBEGIN[0m
  [1m[35m (9.2ms)[0m  [1m[35mCREATE TABLE "clients" ("id" bigserial primary key, "name" character varying, "email" character varying, "phone" character varying, "tax_id" character varying, "address" text, "balance" decimal(15,2) DEFAULT 0.0, "created_at" timestamp(6) NOT NULL, "updated_at" timestamp(6) NOT NULL)[0m
  [1m[36mActiveRecord::SchemaMigration Create (0.2ms)[0m  [1m[32mINSERT INTO "schema_migrations" ("version") VALUES ('20251126005354') RETURNING "version"[0m
  [1m[36mTRANSACTION (0.5ms)[0m  [1m[35mCOMMIT[0m
Migrating to CreateProducts (20251126005358)
  [1m[36mTRANSACTION (0.4ms)[0m  [1m[35mBEGIN[0m
  [1m[35m (5.2ms)[0m  [1m[35mCREATE TABLE "products" ("id" bigserial primary key, "name" character varying, "sku" character varying, "base_price" decimal(15,2), "description" text, "created_at" timestamp(6) NOT NULL, "updated_at" timestamp(6) NOT NULL)[0m
  [1m[36mActiveRecord::SchemaMigration Create (0.2ms)[0m  [1m[32mINSERT INTO "schema_migrations" ("version") VALUES ('20251126005358') RETURNING "version"[0m
  [1m[36mTRANSACTION (0.3ms)[0m  [1m[35mCOMMIT[0m
Migrating to CreateCustomPrices (20251126005401)
  [1m[36mTRANSACTION (0.6ms)[0m  [1m[35mBEGIN[0m
  [1m[35m (8.8ms)[0m  [1m[35mCREATE TABLE "custom_prices" ("id" bigserial primary key, "client_id" bigint NOT NULL, "product_id" bigint NOT NULL, "price" decimal(15,2), "created_at" timestamp(6) NOT NULL, "updated_at" timestamp(6) NOT NULL, CONSTRAINT "fk_rails_61a01131c7"
FOREIGN KEY ("client_id")
  REFERENCES "clients" ("id")
, CONSTRAINT "fk_rails_ff50d876df"
FOREIGN KEY ("product_id")
  REFERENCES "products" ("id")
)[0m
  [1m[35m (1.0ms)[0m  [1m[35mCREATE INDEX "index_custom_prices_on_client_id" ON "custom_prices" ("client_id")[0m
  [1m[35m (0.8ms)[0m  [1m[35mCREATE INDEX "index_custom_prices_on_product_id" ON "custom_prices" ("product_id")[0m
  [1m[35m (1.2ms)[0m  [1m[35mCREATE UNIQUE INDEX "index_custom_prices_on_client_id_and_product_id" ON "custom_prices" ("client_id", "product_id")[0m
  [1m[36mActiveRecord::SchemaMigration Create (0.2ms)[0m  [1m[32mINSERT INTO "schema_migrations" ("version") VALUES ('20251126005401') RETURNING "version"[0m
  [1m[36mTRANSACTION (0.4ms)[0m  [1m[35mCOMMIT[0m
Migrating to CreateQuotes (20251126005403)
  [1m[36mTRANSACTION (0.4ms)[0m  [1m[35mBEGIN[0m
  [1m[35m (4.8ms)[0m  [1m[35mCREATE TABLE "quotes" ("id" bigserial primary key, "client_id" bigint NOT NULL, "user_id" bigint NOT NULL, "status" integer DEFAULT 0, "date" date, "expiration_date" date, "total_amount" decimal(15,2) DEFAULT 0.0, "notes" text, "created_at" timestamp(6) NOT NULL, "updated_at" timestamp(6) NOT NULL, CONSTRAINT "fk_rails_3bae89f465"
FOREIGN KEY ("client_id")
  REFERENCES "clients" ("id")
, CONSTRAINT "fk_rails_02b555fb4d"
FOREIGN KEY ("user_id")
  REFERENCES "users" ("id")
)[0m
  [1m[35m (1.0ms)[0m  [1m[35mCREATE INDEX "index_quotes_on_client_id" ON "quotes" ("client_id")[0m
  [1m[35m (0.6ms)[0m  [1m[35mCREATE INDEX "index_quotes_on_user_id" ON "quotes" ("user_id")[0m
  [1m[36mActiveRecord::SchemaMigration Create (0.2ms)[0m  [1m[32mINSERT INTO "schema_migrations" ("version") VALUES ('20251126005403') RETURNING "version"[0m
  [1m[36mTRANSACTION (0.3ms)[0m  [1m[35mCOMMIT[0m
Migrating to CreateQuoteItems (20251126005406)
  [1m[36mTRANSACTION (0.5ms)[0m  [1m[35mBEGIN[0m
  [1m[35m (8.5ms)[0m  [1m[35mCREATE TABLE "quote_items" ("id" bigserial primary key, "quote_id" bigint NOT NULL, "product_id" bigint NOT NULL, "quantity" integer, "unit_price" decimal(15,2), "total_price" decimal(15,2), "created_at" timestamp(6) NOT NULL, "updated_at" timestamp(6) NOT NULL, CONSTRAINT "fk_rails_d9bcd636be"
FOREIGN KEY ("quote_id")
  REFERENCES "quotes" ("id")
, CONSTRAINT "fk_rails_ce61c2602d"
FOREIGN KEY ("product_id")
  REFERENCES "products" ("id")
)[0m
  [1m[35m (1.7ms)[0m  [1m[35mCREATE INDEX "index_quote_items_on_quote_id" ON "quote_items" ("quote_id")[0m
  [1m[35m (0.9ms)[0m  [1m[35mCREATE INDEX "index_quote_items_on_product_id" ON "quote_items" ("product_id")[0m
  [1m[36mActiveRecord::SchemaMigration Create (0.3ms)[0m  [1m[32mINSERT INTO "schema_migrations" ("version") VALUES ('20251126005406') RETURNING "version"[0m
  [1m[36mTRANSACTION (0.5ms)[0m  [1m[35mCOMMIT[0m
Migrating to CreatePayments (20251126005408)
  [1m[36mTRANSACTION (0.4ms)[0m  [1m[35mBEGIN[0m
  [1m[35m (7.7ms)[0m  [1m[35mCREATE TABLE "payments" ("id" bigserial primary key, "client_id" bigint NOT NULL, "quote_id" bigint, "amount" decimal(15,2), "date" date, "notes" text, "created_at" timestamp(6) NOT NULL, "updated_at" timestamp(6) NOT NULL, CONSTRAINT "fk_rails_66d0485df7"
FOREIGN KEY ("client_id")
  REFERENCES "clients" ("id")
, CONSTRAINT "fk_rails_f14274b07a"
FOREIGN KEY ("quote_id")
  REFERENCES "quotes" ("id")
)[0m
  [1m[35m (1.4ms)[0m  [1m[35mCREATE INDEX "index_payments_on_client_id" ON "payments" ("client_id")[0m
  [1m[35m (1.1ms)[0m  [1m[35mCREATE INDEX "index_payments_on_quote_id" ON "payments" ("quote_id")[0m
  [1m[36mActiveRecord::SchemaMigration Create (0.2ms)[0m  [1m[32mINSERT INTO "schema_migrations" ("version") VALUES ('20251126005408') RETURNING "version"[0m
  [1m[36mTRANSACTION (0.5ms)[0m  [1m[35mCOMMIT[0m
  [1m[35m (0.8ms)[0m  [1m[34mSELECT pg_advisory_unlock(8760757770176782020)[0m
  [1m[36mActiveRecord::SchemaMigration Load (0.3ms)[0m  [1m[34mSELECT "schema_migrations"."version" FROM "schema_migrations" ORDER BY "schema_migrations"."version" ASC[0m
  [1m[36mActiveRecord::SchemaMigration Load (0.7ms)[0m  [1m[34mSELECT "schema_migrations"."version" FROM "schema_migrations" ORDER BY "schema_migrations"."version" ASC[0m
  [1m[36mQuoteItem Load (1.6ms)[0m  [1m[34mSELECT "quote_items".* FROM "quote_items"[0m
DEPRECATION WARNING: Defining enums with keyword arguments is deprecated and will be removed
in Rails 8.0. Positional arguments should be used instead:

enum :status, {draft: 0, sent: 1, approved: 2, rejected: 3}
 (called from <class:Quote> at /Users/santiagocastillo/code/prodovo/app/models/quote.rb:7)
  [1m[36mQuote Load (1.0ms)[0m  [1m[34mSELECT "quotes".* FROM "quotes"[0m
  [1m[36mPayment Load (1.0ms)[0m  [1m[34mSELECT "payments".* FROM "payments"[0m
  [1m[36mCustomPrice Load (0.8ms)[0m  [1m[34mSELECT "custom_prices".* FROM "custom_prices"[0m
  [1m[36mProduct Load (0.3ms)[0m  [1m[34mSELECT "products".* FROM "products"[0m
  [1m[36mClient Load (0.8ms)[0m  [1m[34mSELECT "clients".* FROM "clients"[0m
  [1m[36mUser Load (1.7ms)[0m  [1m[34mSELECT "users".* FROM "users"[0m
  [1m[36mTRANSACTION (0.2ms)[0m  [1m[35mBEGIN[0m
  [1m[36mUser Exists? (1.6ms)[0m  [1m[34mSELECT 1 AS one FROM "users" WHERE "users"."email" = $1 LIMIT $2[0m  [["email", "[FILTERED]"], ["LIMIT", 1]]
  [1m[36mUser Create (2.0ms)[0m  [1m[32mINSERT INTO "users" ("email", "encrypted_password", "reset_password_token", "reset_password_sent_at", "remember_created_at", "created_at", "updated_at") VALUES ($1, $2, $3, $4, $5, $6, $7) RETURNING "id"[0m  [["email", "[FILTERED]"], ["encrypted_password", "[FILTERED]"], ["reset_password_token", "[FILTERED]"], ["reset_password_sent_at", "[FILTERED]"], ["remember_created_at", nil], ["created_at", "2025-11-26 00:55:16.148705"], ["updated_at", "2025-11-26 00:55:16.148705"]]
  [1m[36mTRANSACTION (0.5ms)[0m  [1m[35mCOMMIT[0m
  [1m[36mTRANSACTION (0.2ms)[0m  [1m[35mBEGIN[0m
  [1m[36mClient Create (2.8ms)[0m  [1m[32mINSERT INTO "clients" ("name", "email", "phone", "tax_id", "address", "balance", "created_at", "updated_at") VALUES ($1, $2, $3, $4, $5, $6, $7, $8) RETURNING "id"[0m  [["name", "Acme Corporation"], ["email", "[FILTERED]"], ["phone", "+1-555-0101"], ["tax_id", "TAX-001"], ["address", "123 Business St, New York, NY 10001"], ["balance", "0.0"], ["created_at", "2025-11-26 00:55:16.160615"], ["updated_at", "2025-11-26 00:55:16.160615"]]
  [1m[36mTRANSACTION (0.9ms)[0m  [1m[35mCOMMIT[0m
  [1m[36mTRANSACTION (0.1ms)[0m  [1m[35mBEGIN[0m
  [1m[36mClient Create (1.1ms)[0m  [1m[32mINSERT INTO "clients" ("name", "email", "phone", "tax_id", "address", "balance", "created_at", "updated_at") VALUES ($1, $2, $3, $4, $5, $6, $7, $8) RETURNING "id"[0m  [["name", "Tech Solutions Inc"], ["email", "[FILTERED]"], ["phone", "+1-555-0202"], ["tax_id", "TAX-002"], ["address", "456 Innovation Ave, San Francisco, CA 94102"], ["balance", "0.0"], ["created_at", "2025-11-26 00:55:16.167357"], ["updated_at", "2025-11-26 00:55:16.167357"]]
  [1m[36mTRANSACTION (0.2ms)[0m  [1m[35mCOMMIT[0m
  [1m[36mTRANSACTION (0.1ms)[0m  [1m[35mBEGIN[0m
  [1m[36mProduct Create (2.4ms)[0m  [1m[32mINSERT INTO "products" ("name", "sku", "base_price", "description", "created_at", "updated_at") VALUES ($1, $2, $3, $4, $5, $6) RETURNING "id"[0m  [["name", "Web Development Package"], ["sku", "PROD-001"], ["base_price", "5000.0"], ["description", "Complete web development solution including frontend and backend"], ["created_at", "2025-11-26 00:55:16.175275"], ["updated_at", "2025-11-26 00:55:16.175275"]]
  [1m[36mTRANSACTION (0.2ms)[0m  [1m[35mCOMMIT[0m
  [1m[36mTRANSACTION (0.1ms)[0m  [1m[35mBEGIN[0m
  [1m[36mProduct Create (0.9ms)[0m  [1m[32mINSERT INTO "products" ("name", "sku", "base_price", "description", "created_at", "updated_at") VALUES ($1, $2, $3, $4, $5, $6) RETURNING "id"[0m  [["name", "Mobile App Development"], ["sku", "PROD-002"], ["base_price", "8000.0"], ["description", "Native mobile application for iOS and Android"], ["created_at", "2025-11-26 00:55:16.179600"], ["updated_at", "2025-11-26 00:55:16.179600"]]
  [1m[36mTRANSACTION (0.3ms)[0m  [1m[35mCOMMIT[0m
  [1m[36mTRANSACTION (0.1ms)[0m  [1m[35mBEGIN[0m
  [1m[36mProduct Create (1.2ms)[0m  [1m[32mINSERT INTO "products" ("name", "sku", "base_price", "description", "created_at", "updated_at") VALUES ($1, $2, $3, $4, $5, $6) RETURNING "id"[0m  [["name", "Cloud Infrastructure Setup"], ["sku", "PROD-003"], ["base_price", "3000.0"], ["description", "AWS/Azure cloud infrastructure configuration and deployment"], ["created_at", "2025-11-26 00:55:16.182397"], ["updated_at", "2025-11-26 00:55:16.182397"]]
  [1m[36mTRANSACTION (0.3ms)[0m  [1m[35mCOMMIT[0m
  [1m[36mTRANSACTION (0.1ms)[0m  [1m[35mBEGIN[0m
  [1m[36mProduct Create (1.0ms)[0m  [1m[32mINSERT INTO "products" ("name", "sku", "base_price", "description", "created_at", "updated_at") VALUES ($1, $2, $3, $4, $5, $6) RETURNING "id"[0m  [["name", "Database Design & Implementation"], ["sku", "PROD-004"], ["base_price", "2500.0"], ["description", "Database schema design and PostgreSQL/MySQL implementation"], ["created_at", "2025-11-26 00:55:16.185474"], ["updated_at", "2025-11-26 00:55:16.185474"]]
  [1m[36mTRANSACTION (0.2ms)[0m  [1m[35mCOMMIT[0m
  [1m[36mTRANSACTION (0.1ms)[0m  [1m[35mBEGIN[0m
  [1m[36mProduct Create (1.1ms)[0m  [1m[32mINSERT INTO "products" ("name", "sku", "base_price", "description", "created_at", "updated_at") VALUES ($1, $2, $3, $4, $5, $6) RETURNING "id"[0m  [["name", "API Integration Service"], ["sku", "PROD-005"], ["base_price", "2000.0"], ["description", "Third-party API integration and custom API development"], ["created_at", "2025-11-26 00:55:16.188244"], ["updated_at", "2025-11-26 00:55:16.188244"]]
  [1m[36mTRANSACTION (0.3ms)[0m  [1m[35mCOMMIT[0m
  [1m[36mTRANSACTION (0.1ms)[0m  [1m[35mBEGIN[0m
  [1m[36mQuote Create (2.6ms)[0m  [1m[32mINSERT INTO "quotes" ("client_id", "user_id", "status", "date", "expiration_date", "total_amount", "notes", "created_at", "updated_at") VALUES ($1, $2, $3, $4, $5, $6, $7, $8, $9) RETURNING "id"[0m  [["client_id", 1], ["user_id", 1], ["status", 0], ["date", "2025-11-25"], ["expiration_date", "2025-12-25"], ["total_amount", "0.0"], ["notes", "Initial quote for web development services"], ["created_at", "2025-11-26 00:55:16.206347"], ["updated_at", "2025-11-26 00:55:16.206347"]]
  [1m[36mTRANSACTION (0.3ms)[0m  [1m[35mCOMMIT[0m
  [1m[36mTRANSACTION (0.2ms)[0m  [1m[35mBEGIN[0m
  [1m[36mQuoteItem Create (2.3ms)[0m  [1m[32mINSERT INTO "quote_items" ("quote_id", "product_id", "quantity", "unit_price", "total_price", "created_at", "updated_at") VALUES ($1, $2, $3, $4, $5, $6, $7) RETURNING "id"[0m  [["quote_id", 1], ["product_id", 1], ["quantity", 1], ["unit_price", "5000.0"], ["total_price", "5000.0"], ["created_at", "2025-11-26 00:55:16.222214"], ["updated_at", "2025-11-26 00:55:16.222214"]]
  [1m[36mTRANSACTION (0.2ms)[0m  [1m[35mCOMMIT[0m
  [1m[36mTRANSACTION (0.1ms)[0m  [1m[35mBEGIN[0m
  [1m[36mQuoteItem Create (1.2ms)[0m  [1m[32mINSERT INTO "quote_items" ("quote_id", "product_id", "quantity", "unit_price", "total_price", "created_at", "updated_at") VALUES ($1, $2, $3, $4, $5, $6, $7) RETURNING "id"[0m  [["quote_id", 1], ["product_id", 3], ["quantity", 1], ["unit_price", "3000.0"], ["total_price", "3000.0"], ["created_at", "2025-11-26 00:55:16.227117"], ["updated_at", "2025-11-26 00:55:16.227117"]]
  [1m[36mTRANSACTION (0.2ms)[0m  [1m[35mCOMMIT[0m
  [1m[36mTRANSACTION (0.1ms)[0m  [1m[35mBEGIN[0m
  [1m[36mQuoteItem Create (1.3ms)[0m  [1m[32mINSERT INTO "quote_items" ("quote_id", "product_id", "quantity", "unit_price", "total_price", "created_at", "updated_at") VALUES ($1, $2, $3, $4, $5, $6, $7) RETURNING "id"[0m  [["quote_id", 1], ["product_id", 5], ["quantity", 2], ["unit_price", "2000.0"], ["total_price", "4000.0"], ["created_at", "2025-11-26 00:55:16.230389"], ["updated_at", "2025-11-26 00:55:16.230389"]]
  [1m[36mTRANSACTION (0.2ms)[0m  [1m[35mCOMMIT[0m
  [1m[36mQuoteItem Sum (0.3ms)[0m  [1m[34mSELECT SUM("quote_items"."total_price") FROM "quote_items" WHERE "quote_items"."quote_id" = $1[0m  [["quote_id", 1]]
  [1m[36mTRANSACTION (0.1ms)[0m  [1m[35mBEGIN[0m
  [1m[36mQuote Update (1.5ms)[0m  [1m[33mUPDATE "quotes" SET "total_amount" = $1, "updated_at" = $2 WHERE "quotes"."id" = $3[0m  [["total_amount", "12000.0"], ["updated_at", "2025-11-26 00:55:16.246515"], ["id", 1]]
  [1m[36mTRANSACTION (0.3ms)[0m  [1m[35mCOMMIT[0m
  [1m[36mQuoteItem Count (0.9ms)[0m  [1m[34mSELECT COUNT(*) FROM "quote_items" WHERE "quote_items"."quote_id" = $1[0m  [["quote_id", 1]]
  [1m[36mClient Load (0.4ms)[0m  [1m[34mSELECT "clients".* FROM "clients" ORDER BY "clients"."id" ASC LIMIT $1[0m  [["LIMIT", 1]]
  [1m[36mUser Load (0.6ms)[0m  [1m[34mSELECT "users".* FROM "users" ORDER BY "users"."id" ASC LIMIT $1[0m  [["LIMIT", 1]]
  [1m[36mProduct Load (0.3ms)[0m  [1m[34mSELECT "products".* FROM "products" ORDER BY "products"."id" ASC LIMIT $1[0m  [["LIMIT", 1]]
DEPRECATION WARNING: Defining enums with keyword arguments is deprecated and will be removed
in Rails 8.0. Positional arguments should be used instead:

enum :status, {draft: 0, sent: 1, approved: 2, rejected: 3}
 (called from <class:Quote> at /Users/santiagocastillo/code/prodovo/app/models/quote.rb:7)
  [1m[36mTRANSACTION (0.1ms)[0m  [1m[35mBEGIN[0m
  [1m[36mQuote Create (2.1ms)[0m  [1m[32mINSERT INTO "quotes" ("client_id", "user_id", "status", "date", "expiration_date", "total_amount", "notes", "created_at", "updated_at") VALUES ($1, $2, $3, $4, $5, $6, $7, $8, $9) RETURNING "id"[0m  [["client_id", 1], ["user_id", 1], ["status", 0], ["date", "2025-11-25"], ["expiration_date", nil], ["total_amount", "0.0"], ["notes", nil], ["created_at", "2025-11-26 00:55:21.579855"], ["updated_at", "2025-11-26 00:55:21.579855"]]
  [1m[36mTRANSACTION (0.7ms)[0m  [1m[35mCOMMIT[0m
  [1m[36mTRANSACTION (0.1ms)[0m  [1m[35mBEGIN[0m
  [1m[36mQuoteItem Create (2.7ms)[0m  [1m[32mINSERT INTO "quote_items" ("quote_id", "product_id", "quantity", "unit_price", "total_price", "created_at", "updated_at") VALUES ($1, $2, $3, $4, $5, $6, $7) RETURNING "id"[0m  [["quote_id", 2], ["product_id", 1], ["quantity", 1], ["unit_price", "100.0"], ["total_price", "100.0"], ["created_at", "2025-11-26 00:55:21.594046"], ["updated_at", "2025-11-26 00:55:21.594046"]]
  [1m[36mTRANSACTION (0.3ms)[0m  [1m[35mCOMMIT[0m
  [1m[36mActiveRecord::SchemaMigration Load (28.5ms)[0m  [1m[34mSELECT "schema_migrations"."version" FROM "schema_migrations" ORDER BY "schema_migrations"."version" ASC[0m
  [1m[36mActiveRecord::InternalMetadata Load (26.5ms)[0m  [1m[34mSELECT * FROM "ar_internal_metadata" WHERE "ar_internal_metadata"."key" = $1 ORDER BY "ar_internal_metadata"."key" ASC LIMIT 1[0m  [[nil, "environment"]]
  [1m[36mActiveRecord::SchemaMigration Load (0.2ms)[0m  [1m[34mSELECT "schema_migrations"."version" FROM "schema_migrations" ORDER BY "schema_migrations"."version" ASC[0m
  [1m[36mActiveRecord::InternalMetadata Load (0.5ms)[0m  [1m[34mSELECT * FROM "ar_internal_metadata" WHERE "ar_internal_metadata"."key" = $1 ORDER BY "ar_internal_metadata"."key" ASC LIMIT 1[0m  [[nil, "environment"]]
  [1m[36mActiveRecord::SchemaMigration Load (5.2ms)[0m  [1m[34mSELECT "schema_migrations"."version" FROM "schema_migrations" ORDER BY "schema_migrations"."version" ASC[0m
  [1m[36mActiveRecord::InternalMetadata Load (3.9ms)[0m  [1m[34mSELECT * FROM "ar_internal_metadata" WHERE "ar_internal_metadata"."key" = $1 ORDER BY "ar_internal_metadata"."key" ASC LIMIT 1[0m  [[nil, "environment"]]
  [1m[35m (228.3ms)[0m  [1m[35mDROP DATABASE IF EXISTS "prodovo_development"[0m
  [1m[35m (131.5ms)[0m  [1m[35mDROP DATABASE IF EXISTS "prodovo_test"[0m
  [1m[35m (343.3ms)[0m  [1m[35mCREATE DATABASE "prodovo_development" ENCODING = 'unicode'[0m
  [1m[35m (367.3ms)[0m  [1m[35mCREATE DATABASE "prodovo_test" ENCODING = 'unicode'[0m
  [1m[35m (33.1ms)[0m  [1m[35mCREATE TABLE "schema_migrations" ("version" character varying NOT NULL PRIMARY KEY)[0m
  [1m[35m (5.5ms)[0m  [1m[35mCREATE TABLE "ar_internal_metadata" ("key" character varying NOT NULL PRIMARY KEY, "value" character varying, "created_at" timestamp(6) NOT NULL, "updated_at" timestamp(6) NOT NULL)[0m
  [1m[35m (0.2ms)[0m  [1m[34mSELECT pg_try_advisory_lock(8760757770176782020)[0m
  [1m[36mActiveRecord::SchemaMigration Load (0.5ms)[0m  [1m[34mSELECT "schema_migrations"."version" FROM "schema_migrations" ORDER BY "schema_migrations"."version" ASC[0m
  [1m[36mActiveRecord::InternalMetadata Load (1.5ms)[0m  [1m[34mSELECT * FROM "ar_internal_metadata" WHERE "ar_internal_metadata"."key" = $1 ORDER BY "ar_internal_metadata"."key" ASC LIMIT 1[0m  [[nil, "environment"]]
  [1m[36mActiveRecord::InternalMetadata Create (0.6ms)[0m  [1m[32mINSERT INTO "ar_internal_metadata" ("key", "value", "created_at", "updated_at") VALUES ('environment', 'development', '2025-11-26 11:12:20.345032', '2025-11-26 11:12:20.345035') RETURNING "key"[0m
Migrating to DeviseCreateUsers (20251126005329)
  [1m[36mTRANSACTION (0.1ms)[0m  [1m[35mBEGIN[0m
  [1m[35m (8.6ms)[0m  [1m[35mCREATE TABLE "users" ("id" bigserial primary key, "email" character varying DEFAULT '' NOT NULL, "encrypted_password" character varying DEFAULT '' NOT NULL, "reset_password_token" character varying, "reset_password_sent_at" timestamp(6), "remember_created_at" timestamp(6), "created_at" timestamp(6) NOT NULL, "updated_at" timestamp(6) NOT NULL)[0m
  [1m[35m (1.1ms)[0m  [1m[35mCREATE UNIQUE INDEX "index_users_on_email" ON "users" ("email")[0m
  [1m[35m (0.9ms)[0m  [1m[35mCREATE UNIQUE INDEX "index_users_on_reset_password_token" ON "users" ("reset_password_token")[0m
  [1m[36mActiveRecord::SchemaMigration Create (0.4ms)[0m  [1m[32mINSERT INTO "schema_migrations" ("version") VALUES ('20251126005329') RETURNING "version"[0m
  [1m[36mTRANSACTION (0.5ms)[0m  [1m[35mCOMMIT[0m
Migrating to CreateClients (20251126005354)
  [1m[36mTRANSACTION (0.5ms)[0m  [1m[35mBEGIN[0m
  [1m[35m (5.2ms)[0m  [1m[35mCREATE TABLE "clients" ("id" bigserial primary key, "name" character varying, "email" character varying, "phone" character varying, "tax_id" character varying, "address" text, "balance" decimal(15,2) DEFAULT 0.0, "created_at" timestamp(6) NOT NULL, "updated_at" timestamp(6) NOT NULL)[0m
  [1m[36mActiveRecord::SchemaMigration Create (0.3ms)[0m  [1m[32mINSERT INTO "schema_migrations" ("version") VALUES ('20251126005354') RETURNING "version"[0m
  [1m[36mTRANSACTION (0.2ms)[0m  [1m[35mCOMMIT[0m
Migrating to CreateProducts (20251126005358)
  [1m[36mTRANSACTION (0.3ms)[0m  [1m[35mBEGIN[0m
  [1m[35m (4.0ms)[0m  [1m[35mCREATE TABLE "products" ("id" bigserial primary key, "name" character varying, "sku" character varying, "base_price" decimal(15,2), "description" text, "created_at" timestamp(6) NOT NULL, "updated_at" timestamp(6) NOT NULL)[0m
  [1m[36mActiveRecord::SchemaMigration Create (0.4ms)[0m  [1m[32mINSERT INTO "schema_migrations" ("version") VALUES ('20251126005358') RETURNING "version"[0m
  [1m[36mTRANSACTION (0.5ms)[0m  [1m[35mCOMMIT[0m
Migrating to CreateCustomPrices (20251126005401)
  [1m[36mTRANSACTION (0.3ms)[0m  [1m[35mBEGIN[0m
  [1m[35m (4.4ms)[0m  [1m[35mCREATE TABLE "custom_prices" ("id" bigserial primary key, "client_id" bigint NOT NULL, "product_id" bigint NOT NULL, "price" decimal(15,2), "created_at" timestamp(6) NOT NULL, "updated_at" timestamp(6) NOT NULL, CONSTRAINT "fk_rails_61a01131c7"
FOREIGN KEY ("client_id")
  REFERENCES "clients" ("id")
, CONSTRAINT "fk_rails_ff50d876df"
FOREIGN KEY ("product_id")
  REFERENCES "products" ("id")
)[0m
  [1m[35m (0.7ms)[0m  [1m[35mCREATE INDEX "index_custom_prices_on_client_id" ON "custom_prices" ("client_id")[0m
  [1m[35m (0.6ms)[0m  [1m[35mCREATE INDEX "index_custom_prices_on_product_id" ON "custom_prices" ("product_id")[0m
  [1m[35m (2.7ms)[0m  [1m[35mCREATE UNIQUE INDEX "index_custom_prices_on_client_id_and_product_id" ON "custom_prices" ("client_id", "product_id")[0m
  [1m[36mActiveRecord::SchemaMigration Create (0.3ms)[0m  [1m[32mINSERT INTO "schema_migrations" ("version") VALUES ('20251126005401') RETURNING "version"[0m
  [1m[36mTRANSACTION (0.4ms)[0m  [1m[35mCOMMIT[0m
Migrating to CreateQuotes (20251126005403)
  [1m[36mTRANSACTION (1.4ms)[0m  [1m[35mBEGIN[0m
  [1m[35m (21.3ms)[0m  [1m[35mCREATE TABLE "quotes" ("id" bigserial primary key, "client_id" bigint NOT NULL, "user_id" bigint NOT NULL, "status" integer DEFAULT 0, "date" date, "expiration_date" date, "total_amount" decimal(15,2) DEFAULT 0.0, "notes" text, "created_at" timestamp(6) NOT NULL, "updated_at" timestamp(6) NOT NULL, CONSTRAINT "fk_rails_3bae89f465"
FOREIGN KEY ("client_id")
  REFERENCES "clients" ("id")
, CONSTRAINT "fk_rails_02b555fb4d"
FOREIGN KEY ("user_id")
  REFERENCES "users" ("id")
)[0m
  [1m[35m (56.0ms)[0m  [1m[35mCREATE INDEX "index_quotes_on_client_id" ON "quotes" ("client_id")[0m
  [1m[35m (1.9ms)[0m  [1m[35mCREATE INDEX "index_quotes_on_user_id" ON "quotes" ("user_id")[0m
  [1m[36mActiveRecord::SchemaMigration Create (0.3ms)[0m  [1m[32mINSERT INTO "schema_migrations" ("version") VALUES ('20251126005403') RETURNING "version"[0m
  [1m[36mTRANSACTION (0.7ms)[0m  [1m[35mCOMMIT[0m
Migrating to CreateQuoteItems (20251126005406)
  [1m[36mTRANSACTION (0.5ms)[0m  [1m[35mBEGIN[0m
  [1m[35m (5.0ms)[0m  [1m[35mCREATE TABLE "quote_items" ("id" bigserial primary key, "quote_id" bigint NOT NULL, "product_id" bigint NOT NULL, "quantity" integer, "unit_price" decimal(15,2), "total_price" decimal(15,2), "created_at" timestamp(6) NOT NULL, "updated_at" timestamp(6) NOT NULL, CONSTRAINT "fk_rails_d9bcd636be"
FOREIGN KEY ("quote_id")
  REFERENCES "quotes" ("id")
, CONSTRAINT "fk_rails_ce61c2602d"
FOREIGN KEY ("product_id")
  REFERENCES "products" ("id")
)[0m
  [1m[35m (1.2ms)[0m  [1m[35mCREATE INDEX "index_quote_items_on_quote_id" ON "quote_items" ("quote_id")[0m
  [1m[35m (0.8ms)[0m  [1m[35mCREATE INDEX "index_quote_items_on_product_id" ON "quote_items" ("product_id")[0m
  [1m[36mActiveRecord::SchemaMigration Create (0.2ms)[0m  [1m[32mINSERT INTO "schema_migrations" ("version") VALUES ('20251126005406') RETURNING "version"[0m
  [1m[36mTRANSACTION (0.2ms)[0m  [1m[35mCOMMIT[0m
Migrating to CreatePayments (20251126005408)
  [1m[36mTRANSACTION (0.3ms)[0m  [1m[35mBEGIN[0m
  [1m[35m (5.4ms)[0m  [1m[35mCREATE TABLE "payments" ("id" bigserial primary key, "client_id" bigint NOT NULL, "quote_id" bigint, "amount" decimal(15,2), "date" date, "notes" text, "created_at" timestamp(6) NOT NULL, "updated_at" timestamp(6) NOT NULL, CONSTRAINT "fk_rails_66d0485df7"
FOREIGN KEY ("client_id")
  REFERENCES "clients" ("id")
, CONSTRAINT "fk_rails_f14274b07a"
FOREIGN KEY ("quote_id")
  REFERENCES "quotes" ("id")
)[0m
  [1m[35m (1.2ms)[0m  [1m[35mCREATE INDEX "index_payments_on_client_id" ON "payments" ("client_id")[0m
  [1m[35m (0.8ms)[0m  [1m[35mCREATE INDEX "index_payments_on_quote_id" ON "payments" ("quote_id")[0m
  [1m[36mActiveRecord::SchemaMigration Create (0.2ms)[0m  [1m[32mINSERT INTO "schema_migrations" ("version") VALUES ('20251126005408') RETURNING "version"[0m
  [1m[36mTRANSACTION (3.9ms)[0m  [1m[35mCOMMIT[0m
  [1m[35m (0.5ms)[0m  [1m[34mSELECT pg_advisory_unlock(8760757770176782020)[0m
  [1m[36mActiveRecord::SchemaMigration Load (0.2ms)[0m  [1m[34mSELECT "schema_migrations"."version" FROM "schema_migrations" ORDER BY "schema_migrations"."version" ASC[0m
  [1m[36mActiveRecord::SchemaMigration Load (0.8ms)[0m  [1m[34mSELECT "schema_migrations"."version" FROM "schema_migrations" ORDER BY "schema_migrations"."version" ASC[0m
  [1m[36mQuoteItem Load (2.4ms)[0m  [1m[34mSELECT "quote_items".* FROM "quote_items"[0m
DEPRECATION WARNING: Defining enums with keyword arguments is deprecated and will be removed
in Rails 8.0. Positional arguments should be used instead:

enum :status, {draft: 0, sent: 1, approved: 2, rejected: 3}
 (called from <class:Quote> at /Users/santiagocastillo/code/prodovo/app/models/quote.rb:7)
  [1m[36mQuote Load (1.1ms)[0m  [1m[34mSELECT "quotes".* FROM "quotes"[0m
  [1m[36mPayment Load (0.9ms)[0m  [1m[34mSELECT "payments".* FROM "payments"[0m
  [1m[36mCustomPrice Load (1.4ms)[0m  [1m[34mSELECT "custom_prices".* FROM "custom_prices"[0m
  [1m[36mProduct Load (0.7ms)[0m  [1m[34mSELECT "products".* FROM "products"[0m
  [1m[36mClient Load (0.7ms)[0m  [1m[34mSELECT "clients".* FROM "clients"[0m
  [1m[36mUser Load (1.1ms)[0m  [1m[34mSELECT "users".* FROM "users"[0m
  [1m[36mTRANSACTION (0.2ms)[0m  [1m[35mBEGIN[0m
  [1m[36mUser Exists? (2.1ms)[0m  [1m[34mSELECT 1 AS one FROM "users" WHERE "users"."email" = $1 LIMIT $2[0m  [["email", "[FILTERED]"], ["LIMIT", 1]]
  [1m[36mUser Create (2.9ms)[0m  [1m[32mINSERT INTO "users" ("email", "encrypted_password", "reset_password_token", "reset_password_sent_at", "remember_created_at", "created_at", "updated_at") VALUES ($1, $2, $3, $4, $5, $6, $7) RETURNING "id"[0m  [["email", "[FILTERED]"], ["encrypted_password", "[FILTERED]"], ["reset_password_token", "[FILTERED]"], ["reset_password_sent_at", "[FILTERED]"], ["remember_created_at", nil], ["created_at", "2025-11-26 11:12:37.030872"], ["updated_at", "2025-11-26 11:12:37.030872"]]
  [1m[36mTRANSACTION (0.7ms)[0m  [1m[35mCOMMIT[0m
  [1m[36mTRANSACTION (0.1ms)[0m  [1m[35mBEGIN[0m
  [1m[36mClient Create (1.6ms)[0m  [1m[32mINSERT INTO "clients" ("name", "email", "phone", "tax_id", "address", "balance", "created_at", "updated_at") VALUES ($1, $2, $3, $4, $5, $6, $7, $8) RETURNING "id"[0m  [["name", "Acme Corporation"], ["email", "[FILTERED]"], ["phone", "+1-555-0101"], ["tax_id", "TAX-001"], ["address", "123 Business St, New York, NY 10001"], ["balance", "0.0"], ["created_at", "2025-11-26 11:12:37.043021"], ["updated_at", "2025-11-26 11:12:37.043021"]]
  [1m[36mTRANSACTION (0.2ms)[0m  [1m[35mCOMMIT[0m
  [1m[36mTRANSACTION (0.1ms)[0m  [1m[35mBEGIN[0m
  [1m[36mClient Create (1.0ms)[0m  [1m[32mINSERT INTO "clients" ("name", "email", "phone", "tax_id", "address", "balance", "created_at", "updated_at") VALUES ($1, $2, $3, $4, $5, $6, $7, $8) RETURNING "id"[0m  [["name", "Tech Solutions Inc"], ["email", "[FILTERED]"], ["phone", "+1-555-0202"], ["tax_id", "TAX-002"], ["address", "456 Innovation Ave, San Francisco, CA 94102"], ["balance", "0.0"], ["created_at", "2025-11-26 11:12:37.046844"], ["updated_at", "2025-11-26 11:12:37.046844"]]
  [1m[36mTRANSACTION (0.2ms)[0m  [1m[35mCOMMIT[0m
  [1m[36mTRANSACTION (0.1ms)[0m  [1m[35mBEGIN[0m
  [1m[36mProduct Create (1.5ms)[0m  [1m[32mINSERT INTO "products" ("name", "sku", "base_price", "description", "created_at", "updated_at") VALUES ($1, $2, $3, $4, $5, $6) RETURNING "id"[0m  [["name", "Web Development Package"], ["sku", "PROD-001"], ["base_price", "5000.0"], ["description", "Complete web development solution including frontend and backend"], ["created_at", "2025-11-26 11:12:37.056410"], ["updated_at", "2025-11-26 11:12:37.056410"]]
  [1m[36mTRANSACTION (0.2ms)[0m  [1m[35mCOMMIT[0m
  [1m[36mTRANSACTION (0.1ms)[0m  [1m[35mBEGIN[0m
  [1m[36mProduct Create (1.2ms)[0m  [1m[32mINSERT INTO "products" ("name", "sku", "base_price", "description", "created_at", "updated_at") VALUES ($1, $2, $3, $4, $5, $6) RETURNING "id"[0m  [["name", "Mobile App Development"], ["sku", "PROD-002"], ["base_price", "8000.0"], ["description", "Native mobile application for iOS and Android"], ["created_at", "2025-11-26 11:12:37.059967"], ["updated_at", "2025-11-26 11:12:37.059967"]]
  [1m[36mTRANSACTION (0.2ms)[0m  [1m[35mCOMMIT[0m
  [1m[36mTRANSACTION (0.1ms)[0m  [1m[35mBEGIN[0m
  [1m[36mProduct Create (1.0ms)[0m  [1m[32mINSERT INTO "products" ("name", "sku", "base_price", "description", "created_at", "updated_at") VALUES ($1, $2, $3, $4, $5, $6) RETURNING "id"[0m  [["name", "Cloud Infrastructure Setup"], ["sku", "PROD-003"], ["base_price", "3000.0"], ["description", "AWS/Azure cloud infrastructure configuration and deployment"], ["created_at", "2025-11-26 11:12:37.063073"], ["updated_at", "2025-11-26 11:12:37.063073"]]
  [1m[36mTRANSACTION (0.2ms)[0m  [1m[35mCOMMIT[0m
  [1m[36mTRANSACTION (0.2ms)[0m  [1m[35mBEGIN[0m
  [1m[36mProduct Create (2.0ms)[0m  [1m[32mINSERT INTO "products" ("name", "sku", "base_price", "description", "created_at", "updated_at") VALUES ($1, $2, $3, $4, $5, $6) RETURNING "id"[0m  [["name", "Database Design & Implementation"], ["sku", "PROD-004"], ["base_price", "2500.0"], ["description", "Database schema design and implementation services"], ["created_at", "2025-11-26 11:12:37.066495"], ["updated_at", "2025-11-26 11:12:37.066495"]]
  [1m[36mTRANSACTION (0.3ms)[0m  [1m[35mCOMMIT[0m
  [1m[36mTRANSACTION (0.1ms)[0m  [1m[35mBEGIN[0m
  [1m[36mProduct Create (1.4ms)[0m  [1m[32mINSERT INTO "products" ("name", "sku", "base_price", "description", "created_at", "updated_at") VALUES ($1, $2, $3, $4, $5, $6) RETURNING "id"[0m  [["name", "API Integration Service"], ["sku", "PROD-005"], ["base_price", "2000.0"], ["description", "Third-party API integration and custom API development"], ["created_at", "2025-11-26 11:12:37.071471"], ["updated_at", "2025-11-26 11:12:37.071471"]]
  [1m[36mTRANSACTION (0.5ms)[0m  [1m[35mCOMMIT[0m
  [1m[36mTRANSACTION (0.1ms)[0m  [1m[35mBEGIN[0m
  [1m[36mQuote Create (2.3ms)[0m  [1m[32mINSERT INTO "quotes" ("client_id", "user_id", "status", "date", "expiration_date", "total_amount", "notes", "created_at", "updated_at") VALUES ($1, $2, $3, $4, $5, $6, $7, $8, $9) RETURNING "id"[0m  [["client_id", 1], ["user_id", 1], ["status", 0], ["date", "2025-11-26"], ["expiration_date", "2025-12-26"], ["total_amount", "0.0"], ["notes", "Initial quote for web development services"], ["created_at", "2025-11-26 11:12:37.087081"], ["updated_at", "2025-11-26 11:12:37.087081"]]
  [1m[36mTRANSACTION (0.2ms)[0m  [1m[35mCOMMIT[0m
  [1m[36mTRANSACTION (0.1ms)[0m  [1m[35mBEGIN[0m
  [1m[36mQuoteItem Create (2.2ms)[0m  [1m[32mINSERT INTO "quote_items" ("quote_id", "product_id", "quantity", "unit_price", "total_price", "created_at", "updated_at") VALUES ($1, $2, $3, $4, $5, $6, $7) RETURNING "id"[0m  [["quote_id", 1], ["product_id", 1], ["quantity", 1], ["unit_price", "5000.0"], ["total_price", "5000.0"], ["created_at", "2025-11-26 11:12:37.097639"], ["updated_at", "2025-11-26 11:12:37.097639"]]
  [1m[36mTRANSACTION (0.3ms)[0m  [1m[35mCOMMIT[0m
  [1m[36mTRANSACTION (0.1ms)[0m  [1m[35mBEGIN[0m
  [1m[36mQuoteItem Create (1.6ms)[0m  [1m[32mINSERT INTO "quote_items" ("quote_id", "product_id", "quantity", "unit_price", "total_price", "created_at", "updated_at") VALUES ($1, $2, $3, $4, $5, $6, $7) RETURNING "id"[0m  [["quote_id", 1], ["product_id", 3], ["quantity", 1], ["unit_price", "3000.0"], ["total_price", "3000.0"], ["created_at", "2025-11-26 11:12:37.102432"], ["updated_at", "2025-11-26 11:12:37.102432"]]
  [1m[36mTRANSACTION (0.3ms)[0m  [1m[35mCOMMIT[0m
  [1m[36mTRANSACTION (0.1ms)[0m  [1m[35mBEGIN[0m
  [1m[36mQuoteItem Create (1.0ms)[0m  [1m[32mINSERT INTO "quote_items" ("quote_id", "product_id", "quantity", "unit_price", "total_price", "created_at", "updated_at") VALUES ($1, $2, $3, $4, $5, $6, $7) RETURNING "id"[0m  [["quote_id", 1], ["product_id", 5], ["quantity", 2], ["unit_price", "2000.0"], ["total_price", "4000.0"], ["created_at", "2025-11-26 11:12:37.106093"], ["updated_at", "2025-11-26 11:12:37.106093"]]
  [1m[36mTRANSACTION (0.2ms)[0m  [1m[35mCOMMIT[0m
  [1m[36mQuoteItem Sum (0.5ms)[0m  [1m[34mSELECT SUM("quote_items"."total_price") FROM "quote_items" WHERE "quote_items"."quote_id" = $1[0m  [["quote_id", 1]]
  [1m[36mTRANSACTION (0.1ms)[0m  [1m[35mBEGIN[0m
  [1m[36mQuote Update (2.0ms)[0m  [1m[33mUPDATE "quotes" SET "total_amount" = $1, "updated_at" = $2 WHERE "quotes"."id" = $3[0m  [["total_amount", "12000.0"], ["updated_at", "2025-11-26 11:12:37.114745"], ["id", 1]]
  [1m[36mTRANSACTION (0.3ms)[0m  [1m[35mCOMMIT[0m
  [1m[36mClient Load (0.5ms)[0m  [1m[34mSELECT "clients".* FROM "clients" ORDER BY "clients"."id" ASC LIMIT $1[0m  [["LIMIT", 1]]
  [1m[36mUser Load (0.7ms)[0m  [1m[34mSELECT "users".* FROM "users" ORDER BY "users"."id" ASC LIMIT $1[0m  [["LIMIT", 1]]
  [1m[36mProduct Load (0.4ms)[0m  [1m[34mSELECT "products".* FROM "products" ORDER BY "products"."id" ASC LIMIT $1[0m  [["LIMIT", 1]]
DEPRECATION WARNING: Defining enums with keyword arguments is deprecated and will be removed
in Rails 8.0. Positional arguments should be used instead:

enum :status, {draft: 0, sent: 1, approved: 2, rejected: 3}
 (called from <class:Quote> at /Users/santiagocastillo/code/prodovo/app/models/quote.rb:7)
  [1m[36mTRANSACTION (0.1ms)[0m  [1m[35mBEGIN[0m
  [1m[36mQuote Create (1.8ms)[0m  [1m[32mINSERT INTO "quotes" ("client_id", "user_id", "status", "date", "expiration_date", "total_amount", "notes", "created_at", "updated_at") VALUES ($1, $2, $3, $4, $5, $6, $7, $8, $9) RETURNING "id"[0m  [["client_id", 1], ["user_id", 1], ["status", 0], ["date", "2025-11-26"], ["expiration_date", "2025-12-03"], ["total_amount", "0.0"], ["notes", nil], ["created_at", "2025-11-26 11:12:45.279082"], ["updated_at", "2025-11-26 11:12:45.279082"]]
  [1m[36mTRANSACTION (0.6ms)[0m  [1m[35mCOMMIT[0m
  [1m[36mTRANSACTION (0.1ms)[0m  [1m[35mBEGIN[0m
  [1m[36mQuoteItem Create (3.1ms)[0m  [1m[32mINSERT INTO "quote_items" ("quote_id", "product_id", "quantity", "unit_price", "total_price", "created_at", "updated_at") VALUES ($1, $2, $3, $4, $5, $6, $7) RETURNING "id"[0m  [["quote_id", 2], ["product_id", 1], ["quantity", 1], ["unit_price", "100.0"], ["total_price", "100.0"], ["created_at", "2025-11-26 11:12:45.291121"], ["updated_at", "2025-11-26 11:12:45.291121"]]
  [1m[36mTRANSACTION (0.2ms)[0m  [1m[35mCOMMIT[0m
  [1m[36mQuoteItem Sum (0.4ms)[0m  [1m[34mSELECT SUM("quote_items"."total_price") FROM "quote_items" WHERE "quote_items"."quote_id" = $1[0m  [["quote_id", 2]]
  [1m[36mTRANSACTION (0.1ms)[0m  [1m[35mBEGIN[0m
  [1m[36mQuote Update (1.2ms)[0m  [1m[33mUPDATE "quotes" SET "total_amount" = $1, "updated_at" = $2 WHERE "quotes"."id" = $3[0m  [["total_amount", "100.0"], ["updated_at", "2025-11-26 11:12:45.302108"], ["id", 2]]
  [1m[36mTRANSACTION (0.2ms)[0m  [1m[35mCOMMIT[0m
Started GET "/" for ::1 at 2025-11-26 08:15:47 -0300
  [1m[36mActiveRecord::SchemaMigration Load (0.9ms)[0m  [1m[34mSELECT "schema_migrations"."version" FROM "schema_migrations" ORDER BY "schema_migrations"."version" ASC[0m
Processing by HomeController#index as HTML
  Rendering layout layouts/application.html.erb
  Rendering home/index.html.erb within layouts/application
  Rendered home/index.html.erb within layouts/application (Duration: 3.9ms | GC: 0.0ms)
  Rendered shared/_navbar.html.erb (Duration: 0.5ms | GC: 0.0ms)
  Rendered layout layouts/application.html.erb (Duration: 249.5ms | GC: 93.2ms)
Completed 200 OK in 306ms (Views: 267.6ms | ActiveRecord: 0.0ms (0 queries, 0 cached) | GC: 93.2ms)


Started GET "/manifest.json" for ::1 at 2025-11-26 08:15:47 -0300
Processing by Rails::PwaController#manifest as JSON
  Rendering pwa/manifest.json.erb
  Rendered pwa/manifest.json.erb (Duration: 0.2ms | GC: 0.0ms)
Completed 200 OK in 1ms (Views: 1.1ms | ActiveRecord: 0.0ms (0 queries, 0 cached) | GC: 0.0ms)


  [1m[36mActiveRecord::SchemaMigration Load (1.4ms)[0m  [1m[34mSELECT "schema_migrations"."version" FROM "schema_migrations" ORDER BY "schema_migrations"."version" ASC[0m
Started GET "/users/sign_up" for ::1 at 2025-11-26 08:24:40 -0300
Processing by Devise::RegistrationsController#new as HTML
  Rendering layout layouts/application.html.erb
  Rendering /Users/santiagocastillo/.asdf/installs/ruby/3.4.4/lib/ruby/gems/3.4.0/gems/devise-4.9.4/app/views/devise/registrations/new.html.erb within layouts/application
  Rendered /Users/santiagocastillo/.asdf/installs/ruby/3.4.4/lib/ruby/gems/3.4.0/gems/devise-4.9.4/app/views/devise/shared/_error_messages.html.erb (Duration: 0.3ms | GC: 0.0ms)
  Rendered /Users/santiagocastillo/.asdf/installs/ruby/3.4.4/lib/ruby/gems/3.4.0/gems/devise-4.9.4/app/views/devise/shared/_links.html.erb (Duration: 0.6ms | GC: 0.0ms)
  Rendered /Users/santiagocastillo/.asdf/installs/ruby/3.4.4/lib/ruby/gems/3.4.0/gems/devise-4.9.4/app/views/devise/registrations/new.html.erb within layouts/application (Duration: 13.6ms | GC: 0.3ms)
  Rendered shared/_navbar.html.erb (Duration: 0.7ms | GC: 0.0ms)
  Rendered layout layouts/application.html.erb (Duration: 33.2ms | GC: 0.7ms)
Completed 200 OK in 279ms (Views: 35.7ms | ActiveRecord: 150.5ms (0 queries, 0 cached) | GC: 1.2ms)


Started GET "/users/sign_up" for ::1 at 2025-11-26 08:24:41 -0300
Processing by Devise::RegistrationsController#new as HTML
  Rendering layout layouts/application.html.erb
  Rendering /Users/santiagocastillo/.asdf/installs/ruby/3.4.4/lib/ruby/gems/3.4.0/gems/devise-4.9.4/app/views/devise/registrations/new.html.erb within layouts/application
  Rendered /Users/santiagocastillo/.asdf/installs/ruby/3.4.4/lib/ruby/gems/3.4.0/gems/devise-4.9.4/app/views/devise/shared/_error_messages.html.erb (Duration: 0.0ms | GC: 0.0ms)
  Rendered /Users/santiagocastillo/.asdf/installs/ruby/3.4.4/lib/ruby/gems/3.4.0/gems/devise-4.9.4/app/views/devise/shared/_links.html.erb (Duration: 0.3ms | GC: 0.0ms)
  Rendered /Users/santiagocastillo/.asdf/installs/ruby/3.4.4/lib/ruby/gems/3.4.0/gems/devise-4.9.4/app/views/devise/registrations/new.html.erb within layouts/application (Duration: 2.3ms | GC: 0.0ms)
  Rendered shared/_navbar.html.erb (Duration: 0.2ms | GC: 0.0ms)
  Rendered layout layouts/application.html.erb (Duration: 7.0ms | GC: 0.0ms)
Completed 200 OK in 8ms (Views: 7.3ms | ActiveRecord: 0.0ms (0 queries, 0 cached) | GC: 0.0ms)


Started GET "/manifest.json" for ::1 at 2025-11-26 08:24:41 -0300
Processing by Rails::PwaController#manifest as JSON
  Rendering pwa/manifest.json.erb
  Rendered pwa/manifest.json.erb (Duration: 0.4ms | GC: 0.0ms)
Completed 200 OK in 2ms (Views: 1.6ms | ActiveRecord: 0.0ms (0 queries, 0 cached) | GC: 0.0ms)


  [1m[36mClient Load (1.5ms)[0m  [1m[34mSELECT "clients".* FROM "clients" WHERE "clients"."name" = $1 LIMIT $2[0m  [["name", "Acme Corp"], ["LIMIT", 1]]
  [1m[36mTRANSACTION (0.2ms)[0m  [1m[35mBEGIN[0m
  [1m[36mClient Create (1.5ms)[0m  [1m[32mINSERT INTO "clients" ("name", "email", "phone", "tax_id", "address", "balance", "created_at", "updated_at") VALUES ($1, $2, $3, $4, $5, $6, $7, $8) RETURNING "id"[0m  [["name", "Acme Corp"], ["email", "[FILTERED]"], ["phone", "+1-555-1234"], ["tax_id", "ACME-001"], ["address", "1 Industrial Way"], ["balance", "0.0"], ["created_at", "2025-11-26 11:24:41.833467"], ["updated_at", "2025-11-26 11:24:41.833467"]]
  [1m[36mTRANSACTION (0.8ms)[0m  [1m[35mCOMMIT[0m
  [1m[36mProduct Load (0.5ms)[0m  [1m[34mSELECT "products".* FROM "products" WHERE "products"."name" = $1 LIMIT $2[0m  [["name", "Widget A"], ["LIMIT", 1]]
  [1m[36mTRANSACTION (0.2ms)[0m  [1m[35mBEGIN[0m
  [1m[36mProduct Create (0.5ms)[0m  [1m[32mINSERT INTO "products" ("name", "sku", "base_price", "description", "created_at", "updated_at") VALUES ($1, $2, $3, $4, $5, $6) RETURNING "id"[0m  [["name", "Widget A"], ["sku", "WIDGET-A"], ["base_price", "100.0"], ["description", "Standard widget"], ["created_at", "2025-11-26 11:24:41.859311"], ["updated_at", "2025-11-26 11:24:41.859311"]]
  [1m[36mTRANSACTION (0.3ms)[0m  [1m[35mCOMMIT[0m
  [1m[36mCustomPrice Load (1.0ms)[0m  [1m[34mSELECT "custom_prices".* FROM "custom_prices" WHERE "custom_prices"."client_id" = $1 AND "custom_prices"."product_id" = $2 LIMIT $3[0m  [["client_id", 3], ["product_id", 6], ["LIMIT", 1]]
  [1m[36mTRANSACTION (0.2ms)[0m  [1m[35mBEGIN[0m
  [1m[36mCustomPrice Exists? (2.8ms)[0m  [1m[34mSELECT 1 AS one FROM "custom_prices" WHERE "custom_prices"."client_id" = $1 AND "custom_prices"."product_id" = $2 LIMIT $3[0m  [["client_id", 3], ["product_id", 6], ["LIMIT", 1]]
  [1m[36mCustomPrice Create (3.0ms)[0m  [1m[32mINSERT INTO "custom_prices" ("client_id", "product_id", "price", "created_at", "updated_at") VALUES ($1, $2, $3, $4, $5) RETURNING "id"[0m  [["client_id", 3], ["product_id", 6], ["price", "90.0"], ["created_at", "2025-11-26 11:24:41.903375"], ["updated_at", "2025-11-26 11:24:41.903375"]]
  [1m[36mTRANSACTION (0.4ms)[0m  [1m[35mCOMMIT[0m
  [1m[36mClient Load (0.5ms)[0m  [1m[34mSELECT "clients".* FROM "clients" WHERE "clients"."name" = $1 LIMIT $2[0m  [["name", "Acme Corp"], ["LIMIT", 1]]
  [1m[36mProduct Load (0.4ms)[0m  [1m[34mSELECT "products".* FROM "products" WHERE "products"."name" = $1 LIMIT $2[0m  [["name", "Widget A"], ["LIMIT", 1]]
  [1m[36mCustomPrice Load (0.7ms)[0m  [1m[34mSELECT "custom_prices".* FROM "custom_prices" WHERE "custom_prices"."client_id" = $1 AND "custom_prices"."product_id" = $2 LIMIT $3[0m  [["client_id", 3], ["product_id", 6], ["LIMIT", 1]]
Started GET "/" for ::1 at 2025-11-26 08:28:07 -0300
Processing by HomeController#index as HTML
  Rendering layout layouts/application.html.erb
  Rendering home/index.html.erb within layouts/application
  Rendered home/index.html.erb within layouts/application (Duration: 3.1ms | GC: 0.9ms)
  Rendered shared/_navbar.html.erb (Duration: 0.5ms | GC: 0.0ms)
  Rendered layout layouts/application.html.erb (Duration: 22.1ms | GC: 2.2ms)
Completed 200 OK in 24ms (Views: 23.2ms | ActiveRecord: 0.0ms (0 queries, 0 cached) | GC: 2.2ms)


Started GET "/manifest.json" for ::1 at 2025-11-26 08:28:08 -0300
Processing by Rails::PwaController#manifest as JSON
  Rendering pwa/manifest.json.erb
  Rendered pwa/manifest.json.erb (Duration: 2.2ms | GC: 0.0ms)
Completed 200 OK in 6ms (Views: 4.9ms | ActiveRecord: 0.0ms (0 queries, 0 cached) | GC: 0.0ms)


Started GET "/users/sign_up" for ::1 at 2025-11-26 08:28:09 -0300
Processing by Devise::RegistrationsController#new as HTML
  Rendering layout layouts/application.html.erb
  Rendering /Users/santiagocastillo/.asdf/installs/ruby/3.4.4/lib/ruby/gems/3.4.0/gems/devise-4.9.4/app/views/devise/registrations/new.html.erb within layouts/application
  Rendered /Users/santiagocastillo/.asdf/installs/ruby/3.4.4/lib/ruby/gems/3.4.0/gems/devise-4.9.4/app/views/devise/shared/_error_messages.html.erb (Duration: 0.5ms | GC: 0.0ms)
  Rendered /Users/santiagocastillo/.asdf/installs/ruby/3.4.4/lib/ruby/gems/3.4.0/gems/devise-4.9.4/app/views/devise/shared/_links.html.erb (Duration: 0.7ms | GC: 0.0ms)
  Rendered /Users/santiagocastillo/.asdf/installs/ruby/3.4.4/lib/ruby/gems/3.4.0/gems/devise-4.9.4/app/views/devise/registrations/new.html.erb within layouts/application (Duration: 5.5ms | GC: 0.0ms)
  Rendered shared/_navbar.html.erb (Duration: 0.3ms | GC: 0.0ms)
  Rendered layout layouts/application.html.erb (Duration: 9.4ms | GC: 0.0ms)
Completed 200 OK in 48ms (Views: 12.2ms | ActiveRecord: 28.7ms (0 queries, 0 cached) | GC: 0.0ms)


